{"/Users/keitafuruse/development/zero-styled/src/sheet/index.ts": {"path":"/Users/keitafuruse/development/zero-styled/src/sheet/index.ts","statementMap":{"0":{"start":{"line":1,"column":0},"end":{"line":1,"column":45}},"1":{"start":{"line":11,"column":4},"end":{"line":11,"column":20}},"2":{"start":{"line":15,"column":15},"end":{"line":15,"column":41}},"3":{"start":{"line":16,"column":25},"end":{"line":16,"column":66}},"4":{"start":{"line":16,"column":51},"end":{"line":16,"column":65}},"5":{"start":{"line":17,"column":4},"end":{"line":17,"column":52}},"6":{"start":{"line":17,"column":23},"end":{"line":17,"column":52}},"7":{"start":{"line":18,"column":4},"end":{"line":18,"column":14}},"8":{"start":{"line":22,"column":20},"end":{"line":22,"column":45}},"9":{"start":{"line":23,"column":4},"end":{"line":26,"column":null}},"10":{"start":{"line":24,"column":6},"end":{"line":25,"column":42}},"11":{"start":{"line":24,"column":32},"end":{"line":24,"column":41}},"12":{"start":{"line":25,"column":11},"end":{"line":25,"column":42}},"13":{"start":{"line":27,"column":4},"end":{"line":30,"column":8}},"14":{"start":{"line":27,"column":49},"end":{"line":30,"column":6}},"15":{"start":{"line":34,"column":4},"end":{"line":34,"column":28}},"16":{"start":{"line":35,"column":4},"end":{"line":35,"column":76}},"17":{"start":{"line":35,"column":36},"end":{"line":35,"column":63}},"18":{"start":{"line":8,"column":0},"end":{"line":8,"column":13}},"19":{"start":{"line":40,"column":13},"end":{"line":40,"column":33}}},"fnMap":{"0":{"name":"(anonymous_0)","decl":{"start":{"line":10,"column":2},"end":{"line":10,"column":null}},"loc":{"start":{"line":10,"column":2},"end":{"line":12,"column":3}}},"1":{"name":"(anonymous_1)","decl":{"start":{"line":14,"column":2},"end":{"line":14,"column":9}},"loc":{"start":{"line":14,"column":21},"end":{"line":19,"column":3}}},"2":{"name":"(anonymous_2)","decl":{"start":{"line":16,"column":41},"end":{"line":16,"column":42}},"loc":{"start":{"line":16,"column":51},"end":{"line":16,"column":65}}},"3":{"name":"(anonymous_3)","decl":{"start":{"line":21,"column":2},"end":{"line":21,"column":18}},"loc":{"start":{"line":21,"column":18},"end":{"line":31,"column":3}}},"4":{"name":"(anonymous_4)","decl":{"start":{"line":27,"column":37},"end":{"line":27,"column":38}},"loc":{"start":{"line":27,"column":49},"end":{"line":30,"column":6}}},"5":{"name":"(anonymous_5)","decl":{"start":{"line":33,"column":2},"end":{"line":33,"column":8}},"loc":{"start":{"line":33,"column":8},"end":{"line":36,"column":3}}},"6":{"name":"(anonymous_6)","decl":{"start":{"line":35,"column":26},"end":{"line":35,"column":27}},"loc":{"start":{"line":35,"column":36},"end":{"line":35,"column":63}}}},"branchMap":{"0":{"loc":{"start":{"line":17,"column":4},"end":{"line":17,"column":52}},"type":"if","locations":[{"start":{"line":17,"column":4},"end":{"line":17,"column":52}}]},"1":{"loc":{"start":{"line":24,"column":6},"end":{"line":25,"column":42}},"type":"if","locations":[{"start":{"line":24,"column":6},"end":{"line":25,"column":42}},{"start":{"line":25,"column":11},"end":{"line":25,"column":42}}]}},"s":{"0":1,"1":4,"2":4,"3":4,"4":1,"5":4,"6":3,"7":4,"8":1,"9":1,"10":1,"11":0,"12":1,"13":1,"14":1,"15":1,"16":1,"17":1,"18":1,"19":1},"f":{"0":4,"1":4,"2":1,"3":1,"4":1,"5":1,"6":1},"b":{"0":[3],"1":[0,1]}}
,"/Users/keitafuruse/development/zero-styled/src/utils/hash.ts": {"path":"/Users/keitafuruse/development/zero-styled/src/utils/hash.ts","statementMap":{"0":{"start":{"line":6,"column":12},"end":{"line":6,"column":22}},"1":{"start":{"line":7,"column":12},"end":{"line":7,"column":14}},"2":{"start":{"line":8,"column":15},"end":{"line":8,"column":25}},"3":{"start":{"line":9,"column":14},"end":{"line":9,"column":24}},"4":{"start":{"line":11,"column":10},"end":{"line":11,"column":20}},"5":{"start":{"line":13,"column":2},"end":{"line":21,"column":null}},"6":{"start":{"line":13,"column":15},"end":{"line":13,"column":16}},"7":{"start":{"line":14,"column":12},"end":{"line":14,"column":29}},"8":{"start":{"line":15,"column":4},"end":{"line":15,"column":11}},"9":{"start":{"line":16,"column":4},"end":{"line":16,"column":17}},"10":{"start":{"line":17,"column":4},"end":{"line":17,"column":11}},"11":{"start":{"line":19,"column":4},"end":{"line":19,"column":11}},"12":{"start":{"line":20,"column":4},"end":{"line":20,"column":11}},"13":{"start":{"line":23,"column":2},"end":{"line":23,"column":16}},"14":{"start":{"line":24,"column":2},"end":{"line":24,"column":9}},"15":{"start":{"line":25,"column":2},"end":{"line":25,"column":16}},"16":{"start":{"line":27,"column":2},"end":{"line":27,"column":30}},"17":{"start":{"line":5,"column":0},"end":{"line":5,"column":16}}},"fnMap":{"0":{"name":"generateHash","decl":{"start":{"line":5,"column":16},"end":{"line":5,"column":28}},"loc":{"start":{"line":5,"column":40},"end":{"line":28,"column":1}}}},"branchMap":{},"s":{"0":4,"1":4,"2":4,"3":4,"4":4,"5":4,"6":4,"7":44,"8":44,"9":44,"10":44,"11":44,"12":44,"13":4,"14":4,"15":4,"16":4,"17":1},"f":{"0":4},"b":{}}
}
