TN:
SF:src/sheet/index.ts
FN:10,(anonymous_0)
FN:14,(anonymous_1)
FN:16,(anonymous_2)
FN:21,(anonymous_3)
FN:27,(anonymous_4)
FN:33,(anonymous_5)
FN:35,(anonymous_6)
FNF:7
FNH:7
FNDA:4,(anonymous_0)
FNDA:4,(anonymous_1)
FNDA:1,(anonymous_2)
FNDA:1,(anonymous_3)
FNDA:1,(anonymous_4)
FNDA:1,(anonymous_5)
FNDA:1,(anonymous_6)
DA:1,1
DA:8,1
DA:11,4
DA:15,4
DA:16,4
DA:17,4
DA:18,4
DA:22,1
DA:23,1
DA:24,1
DA:25,1
DA:27,1
DA:34,1
DA:35,1
DA:40,1
LF:15
LH:15
BRDA:17,0,0,3
BRDA:24,1,0,0
BRDA:24,1,1,1
BRF:3
BRH:2
end_of_record
TN:
SF:src/utils/hash.ts
FN:5,generateHash
FNF:1
FNH:1
FNDA:4,generateHash
DA:5,1
DA:6,4
DA:7,4
DA:8,4
DA:9,4
DA:11,4
DA:13,4
DA:14,44
DA:15,44
DA:16,44
DA:17,44
DA:19,44
DA:20,44
DA:23,4
DA:24,4
DA:25,4
DA:27,4
LF:17
LH:17
BRF:0
BRH:0
end_of_record
